Arguments: 
  C:\Program Files\nodejs\node.exe C:\Program Files (x86)\Yarn\bin\yarn.js add

PATH: 
  C:\Users\Joaoz\Documents\cmder\bin;C:\Users\Joaoz\Documents\cmder\vendor\bin;C:\Users\Joaoz\Documents\cmder\vendor\conemu-maximus5\ConEmu\Scripts;C:\Users\Joaoz\Documents\cmder\vendor\conemu-maximus5;C:\Users\Joaoz\Documents\cmder\vendor\conemu-maximus5\ConEmu;C:\Program Files (x86)\Common Files\Oracle\Java\javapath;C:\Program Files (x86)\Falcon\MinGW\bin;C:\Program Files (x86)\Intel\iCLS Client\;C:\Program Files\Intel\iCLS Client\;C:\windows\system32;C:\windows;C:\windows\System32\Wbem;C:\windows\System32\WindowsPowerShell\v1.0\;C:\Program Files (x86)\NVIDIA Corporation\PhysX\Common;C:\Program Files (x86)\Intel\Intel(R) Management Engine Components\DAL;C:\Program Files\Intel\Intel(R) Management Engine Components\DAL;C:\Program Files (x86)\Intel\Intel(R) Management Engine Components\IPT;C:\Program Files\Intel\Intel(R) Management Engine Components\IPT;C:\WINDOWS\system32;C:\WINDOWS;C:\WINDOWS\System32\Wbem;C:\WINDOWS\System32\WindowsPowerShell\v1.0\;C:\WINDOWS\System32\OpenSSH\;C:\Program Files\Microsoft VS Code\bin;C:\Program Files\Git\cmd;C:\Users\Joaoz\AppData\Roaming\nvm;C:\Program Files\nodejs;C:\ProgramData\chocolatey\bin;C:\Program Files (x86)\Yarn\bin\;C:\Users\Joaoz\.cargo\bin;C:\Users\Joaoz\AppData\Local\Programs\Python\Python38-32\Scripts\;C:\Users\Joaoz\AppData\Local\Programs\Python\Python38-32\;C:\Ruby26-x64\bin;C:\Users\Joaoz\AppData\Local\Programs\Python\Python37-32\Scripts\;C:\Users\Joaoz\AppData\Local\Programs\Python\Python37-32\;C:\Users\Joaoz\AppData\Local\Microsoft\WindowsApps;C:\Users\Joaoz\AppData\Roaming\npm;C:\Modeltech_pe_edu_10.4a\win32pe_edu;C:\Users\Joaoz\Downloads\hadoop-3.1.0\bin;C:\Program Files\Java\jdk1.8.0_231\bin;C:\Users\Joaoz\AppData\Local\hyper\app-3.0.2\resources\bin;C:\Program Files\JetBrains\PyCharm 2019.3\bin;C:\Users\Joaoz\AppData\Roaming\nvm;C:\Program Files\nodejs;C:\Users\Joaoz\Desktop\chromedriver.exe;C:\Users\Joaoz\Desktop\projetos;C:\Users\Joaoz\AppData\Local\GitHubDesktop\bin;C:\Users\Joaoz\AppData\Local\Yarn\bin;C:\Program Files\Git\cmd;C:\Program Files\Git\mingw64\bin;C:\Program Files\Git\usr\bin;C:\Users\Joaoz\Documents\cmder

Yarn version: 
  1.21.1

Node version: 
  13.6.0

Platform: 
  win32 x64

Trace: 
  SyntaxError: C:\Users\Joaoz\Desktop\projetos\discord\bucket\package.json: Unexpected token } in JSON at position 435
      at JSON.parse (<anonymous>)
      at C:\Program Files (x86)\Yarn\lib\cli.js:1625:59
      at Generator.next (<anonymous>)
      at step (C:\Program Files (x86)\Yarn\lib\cli.js:310:30)
      at C:\Program Files (x86)\Yarn\lib\cli.js:321:13

npm manifest: 
  {
    "name": "bot",
    "version": "1.0.0",
    "description": "",
    "main": "index.js",
    "scripts": {
      "test": "echo \"Error: no test specified\" && exit 1"
    },
    "keywords": [],
    "author": "",
    "license": "ISC",
    "dependencies": {
      "bluebird": "^3.7.2",
      "chalk": "^3.0.0",
      "eris-additions": "^1.3.0",
      "eris-reactions": "^0.1.2",
      "eventemitter3": "^4.0.0",
      "mariadb": "^2.1.4",
      "sequelize": "^5.21.3",
    }
  }

yarn manifest: 
  No manifest

Lockfile: 
  No lockfile
